<?xml version="1.0" encoding="UTF-8"?>
<robot generator="Robot 3.1.2 (Python 3.8.2 on win32)" generated="20200315 23:25:18.950" rpa="false">
<suite id="s1" name="TestSuite1" source="C:\Users\A683699\workspace\eclipse_2020\RobotProject1\test\TestSuite1.robot">
<kw name="Log" library="BuiltIn" type="setup">
<doc>Logs the given message with the given level.</doc>
<arguments>
<arg>I am inside TestSuit Setup</arg>
</arguments>
<msg timestamp="20200315 23:25:19.488" level="INFO">I am inside TestSuit Setup</msg>
<status status="PASS" starttime="20200315 23:25:19.488" endtime="20200315 23:25:19.488"></status>
</kw>
<test id="s1-t1" name="MySecondTest">
<kw name="Log" library="BuiltIn" type="setup">
<doc>Logs the given message with the given level.</doc>
<arguments>
<arg>I am inside Test Setup</arg>
</arguments>
<msg timestamp="20200315 23:25:19.489" level="INFO">I am inside Test Setup</msg>
<status status="PASS" starttime="20200315 23:25:19.489" endtime="20200315 23:25:19.489"></status>
</kw>
<kw name="Log" library="BuiltIn">
<doc>Logs the given message with the given level.</doc>
<arguments>
<arg>I am in 2nd Test....</arg>
</arguments>
<msg timestamp="20200315 23:25:19.490" level="INFO">I am in 2nd Test....</msg>
<status status="PASS" starttime="20200315 23:25:19.490" endtime="20200315 23:25:19.490"></status>
</kw>
<kw name="Set Tags" library="BuiltIn">
<doc>Adds given ``tags`` for the current test or all tests in a suite.</doc>
<arguments>
<arg>Regression1</arg>
</arguments>
<msg timestamp="20200315 23:25:19.491" level="INFO">Set tag 'Regression1'.</msg>
<status status="PASS" starttime="20200315 23:25:19.490" endtime="20200315 23:25:19.491"></status>
</kw>
<kw name="Remove Tags" library="BuiltIn">
<doc>Removes given ``tags`` from the current test or all tests in a suite.</doc>
<arguments>
<arg>Regression1</arg>
</arguments>
<msg timestamp="20200315 23:25:19.492" level="INFO">Removed tag 'Regression1'.</msg>
<status status="PASS" starttime="20200315 23:25:19.491" endtime="20200315 23:25:19.492"></status>
</kw>
<kw name="Log" library="BuiltIn" type="teardown">
<doc>Logs the given message with the given level.</doc>
<arguments>
<arg>I am inside Test Teardown</arg>
</arguments>
<msg timestamp="20200315 23:25:19.493" level="INFO">I am inside Test Teardown</msg>
<status status="PASS" starttime="20200315 23:25:19.493" endtime="20200315 23:25:19.493"></status>
</kw>
<tags>
<tag>sanity</tag>
</tags>
<status status="PASS" starttime="20200315 23:25:19.488" endtime="20200315 23:25:19.494" critical="yes"></status>
</test>
<test id="s1-t2" name="MyThirdTest">
<kw name="Log" library="BuiltIn" type="setup">
<doc>Logs the given message with the given level.</doc>
<arguments>
<arg>I am inside Test Setup</arg>
</arguments>
<msg timestamp="20200315 23:25:19.496" level="INFO">I am inside Test Setup</msg>
<status status="PASS" starttime="20200315 23:25:19.496" endtime="20200315 23:25:19.496"></status>
</kw>
<kw name="Log" library="BuiltIn">
<doc>Logs the given message with the given level.</doc>
<arguments>
<arg>I am in 3rd Test....</arg>
</arguments>
<msg timestamp="20200315 23:25:19.497" level="INFO">I am in 3rd Test....</msg>
<status status="PASS" starttime="20200315 23:25:19.496" endtime="20200315 23:25:19.497"></status>
</kw>
<kw name="Log" library="BuiltIn" type="teardown">
<doc>Logs the given message with the given level.</doc>
<arguments>
<arg>I am inside Test Teardown</arg>
</arguments>
<msg timestamp="20200315 23:25:19.498" level="INFO">I am inside Test Teardown</msg>
<status status="PASS" starttime="20200315 23:25:19.497" endtime="20200315 23:25:19.498"></status>
</kw>
<tags>
<tag>sanity</tag>
</tags>
<status status="PASS" starttime="20200315 23:25:19.495" endtime="20200315 23:25:19.498" critical="yes"></status>
</test>
<kw name="Log" library="BuiltIn" type="teardown">
<doc>Logs the given message with the given level.</doc>
<arguments>
<arg>I am inside TestSuit Teardown</arg>
</arguments>
<msg timestamp="20200315 23:25:19.500" level="INFO">I am inside TestSuit Teardown</msg>
<status status="PASS" starttime="20200315 23:25:19.500" endtime="20200315 23:25:19.500"></status>
</kw>
<status status="PASS" starttime="20200315 23:25:18.957" endtime="20200315 23:25:19.500"></status>
</suite>
<statistics>
<total>
<stat pass="2" fail="0">Critical Tests</stat>
<stat pass="2" fail="0">All Tests</stat>
</total>
<tag>
<stat pass="2" fail="0">sanity</stat>
</tag>
<suite>
<stat pass="2" fail="0" id="s1" name="TestSuite1">TestSuite1</stat>
</suite>
</statistics>
<errors>
<msg timestamp="20200315 23:25:18.935" level="WARN">Collapsing consecutive whitespace during parsing is deprecated. Fix ' # Default Tag given to Test Suit' in file 'C:\Users\A683699\workspace\eclipse_2020\RobotProject1\test\TestSuite1.robot' on line 8.</msg>
</errors>
</robot>
